
*** Imported 17 new test cases from: /root/fuzzing-openbgpd-portable/src/fuzz-bgpd/out/default/queue

[+] AFL test case: id:000000,time:0,execs:0,orig:id:000013,src:000012,time:3036346,execs:859458,op:havoc,rep:4,+cov (0 / 17), cycle: 0
    lines......: 6.8% (1587 of 23448 lines)
    functions..: 12.6% (137 of 1085 functions)

    Coverage diff (init) id:000000,time:0,execs:0,orig:id:000013,src:000012,time:3036346,execs:859458,op:havoc,rep:4,+cov
diff (init) -> id:000000,time:0,execs:0,orig:id:000013,src:000012,time:3036346,execs:859458,op:havoc,rep:4,+cov
New src file: /root/fuzzing-openbgpd-portable/src/cov-bgpd/bgpd.c
  New 'function' coverage: bgpd_has_bgpnh()
  New 'function' coverage: control_setup()
  New 'function' coverage: dispatch_imsg()
  New 'function' coverage: getsockpair()
  New 'function' coverage: handle_pollfd()
  New 'function' coverage: imsg_send_sockets()
  New 'function' coverage: main()
  New 'function' coverage: send_config()
  New 'function' coverage: set_pollfd()
  New 'function' coverage: start_child()
  New 'line' coverage: 1150
  New 'line' coverage: 1151
  New 'line' coverage: 1219
  New 'line' coverage: 1221
  New 'line' coverage: 1225
  New 'line' coverage: 1227
  New 'line' coverage: 1230
  New 'line' coverage: 1234
  New 'line' coverage: 1236
  New 'line' coverage: 1238
  New 'line' coverage: 1240
  New 'line' coverage: 1242
  New 'line' coverage: 1243
  New 'line' coverage: 1244
  New 'line' coverage: 1246
  New 'line' coverage: 1247
  New 'line' coverage: 1249
  New 'line' coverage: 1250
  New 'line' coverage: 1251
  New 'line' coverage: 1268
  New 'line' coverage: 1269
  New 'line' coverage: 1272
  New 'line' coverage: 1274
  New 'line' coverage: 1278
  New 'line' coverage: 1279
  New 'line' coverage: 128
  New 'line' coverage: 1280
  New 'line' coverage: 1281
  New 'line' coverage: 1282
  New 'line' coverage: 1285
  New 'line' coverage: 1287
  New 'line' coverage: 1289
  New 'line' coverage: 1292
  New 'line' coverage: 1293
  New 'line' coverage: 130
  New 'line' coverage: 1300
  New 'line' coverage: 131
  New 'line' coverage: 1314
  New 'line' coverage: 1315
  New 'line' coverage: 1318
  New 'line' coverage: 132
  New 'line' coverage: 1320
  New 'line' coverage: 1322
  New 'line' coverage: 1323
  New 'line' coverage: 1326
  New 'line' coverage: 1327
  New 'line' coverage: 1328
  New 'line' coverage: 1329
  New 'line' coverage: 133
  New 'line' coverage: 1335
  New 'line' coverage: 1336
  New 'line' coverage: 1337
  New 'line' coverage: 1338
  New 'line' coverage: 1339
  New 'line' coverage: 134
  New 'line' coverage: 1345
  New 'line' coverage: 1346
  New 'line' coverage: 1349
  New 'line' coverage: 135
  New 'line' coverage: 1351
  New 'line' coverage: 1352
  New 'line' coverage: 1353
  New 'line' coverage: 1355
  New 'line' coverage: 1356
  New 'line' coverage: 1357
  New 'line' coverage: 1359
  New 'line' coverage: 136
  New 'line' coverage: 1360
  New 'line' coverage: 1362
  New 'line' coverage: 1363
  New 'line' coverage: 1366
  New 'line' coverage: 1367
  New 'line' coverage: 1369
  New 'line' coverage: 137
  New 'line' coverage: 1370
  New 'line' coverage: 1373
  New 'line' coverage: 1374
  New 'line' coverage: 1376
  New 'line' coverage: 1377
  New 'line' coverage: 138
  New 'line' coverage: 1380
  New 'line' coverage: 1381
  New 'line' coverage: 139
  New 'line' coverage: 140
  New 'line' coverage: 141
  New 'line' coverage: 142
  New 'line' coverage: 143
  New 'line' coverage: 144
  New 'line' coverage: 145
  New 'line' coverage: 146
  New 'line' coverage: 148
  New 'line' coverage: 150
  New 'line' coverage: 151
  New 'line' coverage: 152
  New 'line' coverage: 154
  New 'line' coverage: 155
  New 'line' coverage: 158
  New 'line' coverage: 159
  New 'line' coverage: 164
  New 'line' coverage: 165
  New 'line' coverage: 172
  New 'line' coverage: 173
  New 'line' coverage: 200
  New 'line' coverage: 201
  New 'line' coverage: 202
  New 'line' coverage: 205
  New 'line' coverage: 222
  New 'line' coverage: 236
  New 'line' coverage: 239
  New 'line' coverage: 242
  New 'line' coverage: 247
  New 'line' coverage: 250
  New 'line' coverage: 251
  New 'line' coverage: 253
  New 'line' coverage: 256
  New 'line' coverage: 258
  New 'line' coverage: 259
  New 'line' coverage: 260
  New 'line' coverage: 263
  New 'line' coverage: 264
  New 'line' coverage: 268
  New 'line' coverage: 269
  New 'line' coverage: 272
  New 'line' coverage: 274
  New 'line' coverage: 275
  New 'line' coverage: 276
  New 'line' coverage: 277
  New 'line' coverage: 278
  New 'line' coverage: 279
  New 'line' coverage: 281
  New 'line' coverage: 282
  New 'line' coverage: 283
  New 'line' coverage: 285
  New 'line' coverage: 286
  New 'line' coverage: 287
  New 'line' coverage: 288
  New 'line' coverage: 289
  New 'line' coverage: 290
  New 'line' coverage: 292
  New 'line' coverage: 293
  New 'line' coverage: 294
  New 'line' coverage: 295
  New 'line' coverage: 296
  New 'line' coverage: 298
  New 'line' coverage: 319
  New 'line' coverage: 322
  New 'line' coverage: 329
  New 'line' coverage: 331
  New 'line' coverage: 332
  New 'line' coverage: 334
  New 'line' coverage: 335
  New 'line' coverage: 336
  New 'line' coverage: 342
  New 'line' coverage: 343
  New 'line' coverage: 344
  New 'line' coverage: 345
  New 'line' coverage: 347
  New 'line' coverage: 349
  New 'line' coverage: 350
  New 'line' coverage: 352
  New 'line' coverage: 353
  New 'line' coverage: 355
  New 'line' coverage: 356
  New 'line' coverage: 357
  New 'line' coverage: 359
  New 'line' coverage: 360
  New 'line' coverage: 367
  New 'line' coverage: 368
  New 'line' coverage: 370
  New 'line' coverage: 371
  New 'line' coverage: 375
  New 'line' coverage: 383
  New 'line' coverage: 390
  New 'line' coverage: 395
  New 'line' coverage: 402
  New 'line' coverage: 406
  New 'line' coverage: 413
  New 'line' coverage: 417
  New 'line' coverage: 429
  New 'line' coverage: 431
  New 'line' coverage: 434
  New 'line' coverage: 466
  New 'line' coverage: 469
  New 'line' coverage: 470
  New 'line' coverage: 471
  New 'line' coverage: 472
  New 'line' coverage: 473
  New 'line' coverage: 474
  New 'line' coverage: 475
  New 'line' coverage: 476
  New 'line' coverage: 477
  New 'line' coverage: 478
  New 'line' coverage: 479
  New 'line' coverage: 480
  New 'line' coverage: 481
  New 'line' coverage: 482
  New 'line' coverage: 483
  New 'line' coverage: 484
  New 'line' coverage: 485
  New 'line' coverage: 486
  New 'line' coverage: 489
  New 'line' coverage: 490
  New 'line' coverage: 491
  New 'line' coverage: 493
  New 'line' coverage: 496
  New 'line' coverage: 500
  New 'line' coverage: 502
  New 'line' coverage: 503
  New 'line' coverage: 504
  New 'line' coverage: 505
  New 'line' coverage: 506
  New 'line' coverage: 508
  New 'line' coverage: 519
  New 'line' coverage: 521
  New 'line' coverage: 522
  New 'line' coverage: 524
  New 'line' coverage: 525
  New 'line' coverage: 526
  New 'line' coverage: 529
  New 'line' coverage: 531
  New 'line' coverage: 532
  New 'line' coverage: 533
  New 'line' coverage: 535
  New 'line' coverage: 541
  New 'line' coverage: 542
  New 'line' coverage: 545
  New 'line' coverage: 546
  New 'line' coverage: 548
  New 'line' coverage: 551
  New 'line' coverage: 552
  New 'line' coverage: 556
  New 'line' coverage: 557
  New 'line' coverage: 562
  New 'line' coverage: 563
  New 'line' coverage: 565
  New 'line' coverage: 566
  New 'line' coverage: 567
  New 'line' coverage: 573
  New 'line' coverage: 612
  New 'line' coverage: 614
  New 'line' coverage: 615
  New 'line' coverage: 616
  New 'line' coverage: 617
  New 'line' coverage: 618
  New 'line' coverage: 619
  New 'line' coverage: 620
  New 'line' coverage: 621
  New 'line' coverage: 622
  New 'line' coverage: 623
  New 'line' coverage: 624
  New 'line' coverage: 625
  New 'line' coverage: 627
  New 'line' coverage: 629
  New 'line' coverage: 630
  New 'line' coverage: 633
  New 'line' coverage: 636
  New 'line' coverage: 637
  New 'line' coverage: 639
  New 'line' coverage: 640
  New 'line' coverage: 642
  New 'line' coverage: 643
  New 'line' coverage: 646
  New 'line' coverage: 647
  New 'line' coverage: 648
  New 'line' coverage: 650
  New 'line' coverage: 651
  New 'line' coverage: 654
  New 'line' coverage: 657
  New 'line' coverage: 658
  New 'line' coverage: 659
  New 'line' coverage: 664
  New 'line' coverage: 665
  New 'line' coverage: 667
  New 'line' coverage: 671
  New 'line' coverage: 688
  New 'line' coverage: 691
  New 'line' coverage: 711
  New 'line' coverage: 727
  New 'line' coverage: 742
  New 'line' coverage: 747
  New 'line' coverage: 748
  New 'line' coverage: 759
  New 'line' coverage: 760
  New 'line' coverage: 771
  New 'line' coverage: 803
  New 'line' coverage: 814
  New 'line' coverage: 853
  New 'line' coverage: 855
  New 'line' coverage: 857
  New 'line' coverage: 861
  New 'line' coverage: 862
  New 'line' coverage: 863
  New 'line' coverage: 866
  New 'line' coverage: 868
  New 'line' coverage: 869
  New 'line' coverage: 870
  New 'line' coverage: 871
  New 'line' coverage: 872
  New 'line' coverage: 873
  New 'line' coverage: 874
  New 'line' coverage: 875
  New 'line' coverage: 876
  New 'line' coverage: 877
  New 'line' coverage: 878
  New 'line' coverage: 880
  New 'line' coverage: 881
  New 'line' coverage: 882
  New 'line' coverage: 885
  New 'line' coverage: 886
New src file: /root/fuzzing-openbgpd-portable/src/cov-bgpd/carp-disabled.c
  New 'function' coverage: carp_demote_shutdown()
  New 'line' coverage: 31
  New 'line' coverage: 33
New src file: /root/fuzzing-openbgpd-portable/src/cov-bgpd/config.c
  New 'function' coverage: aspa_tree_RB_MINMAX()
  New 'function' coverage: expand_networks()
  New 'function' coverage: flowspec_tree_RB_MINMAX()
  New 'function' coverage: free_aspatree()
  New 'function' coverage: free_config()
  New 'function' coverage: free_flowspecs()
  New 'function' coverage: free_l3vpns()
  New 'function' coverage: free_networks()
  New 'function' coverage: free_prefixsets()
  New 'function' coverage: free_rde_prefixsets()
  New 'function' coverage: free_roatree()
  New 'function' coverage: free_rtrs()
  New 'function' coverage: get_bgpid()
  New 'function' coverage: host()
  New 'function' coverage: host_ip()
  New 'function' coverage: network_free()
  New 'function' coverage: new_config()
  New 'function' coverage: prepare_listeners()
  New 'function' coverage: roa_tree_RB_MINMAX()
  New 'line' coverage: 100
  New 'line' coverage: 103
  New 'line' coverage: 105
  New 'line' coverage: 107
  New 'line' coverage: 111
  New 'line' coverage: 147
  New 'line' coverage: 149
  New 'line' coverage: 151
  New 'line' coverage: 155
  New 'line' coverage: 158
  New 'line' coverage: 160
  New 'line' coverage: 162
  New 'line' coverage: 169
  New 'line' coverage: 172
  New 'line' coverage: 174
  New 'line' coverage: 176
  New 'line' coverage: 183
  New 'line' coverage: 186
  New 'line' coverage: 188
  New 'line' coverage: 190
  New 'line' coverage: 193
  New 'line' coverage: 199
  New 'line' coverage: 213
  New 'line' coverage: 215
  New 'line' coverage: 217
  New 'line' coverage: 221
  New 'line' coverage: 233
  New 'line' coverage: 235
  New 'line' coverage: 237
  New 'line' coverage: 241
  New 'line' coverage: 244
  New 'line' coverage: 246
  New 'line' coverage: 248
  New 'line' coverage: 253
  New 'line' coverage: 256
  New 'line' coverage: 258
  New 'line' coverage: 259
  New 'line' coverage: 260
  New 'line' coverage: 262
  New 'line' coverage: 263
  New 'line' coverage: 264
  New 'line' coverage: 265
  New 'line' coverage: 266
  New 'line' coverage: 267
  New 'line' coverage: 268
  New 'line' coverage: 269
  New 'line' coverage: 270
  New 'line' coverage: 271
  New 'line' coverage: 272
  New 'line' coverage: 273
  New 'line' coverage: 275
  New 'line' coverage: 276
  New 'line' coverage: 277
  New 'line' coverage: 279
  New 'line' coverage: 281
  New 'line' coverage: 285
  New 'line' coverage: 287
  New 'line' coverage: 292
  New 'line' coverage: 293
  New 'line' coverage: 295
  New 'line' coverage: 296
  New 'line' coverage: 40
  New 'line' coverage: 42
  New 'line' coverage: 44
  New 'line' coverage: 47
  New 'line' coverage: 476
  New 'line' coverage: 478
  New 'line' coverage: 479
  New 'line' coverage: 481
  New 'line' coverage: 483
  New 'line' coverage: 486
  New 'line' coverage: 487
  New 'line' coverage: 488
  New 'line' coverage: 489
  New 'line' coverage: 49
  New 'line' coverage: 490
  New 'line' coverage: 491
  New 'line' coverage: 492
  New 'line' coverage: 493
  New 'line' coverage: 494
  New 'line' coverage: 495
  New 'line' coverage: 496
  New 'line' coverage: 497
  New 'line' coverage: 499
  New 'line' coverage: 500
  New 'line' coverage: 503
  New 'line' coverage: 505
  New 'line' coverage: 506
  New 'line' coverage: 507
  New 'line' coverage: 509
  New 'line' coverage: 512
  New 'line' coverage: 513
  New 'line' coverage: 514
  New 'line' coverage: 519
  New 'line' coverage: 52
  New 'line' coverage: 520
  New 'line' coverage: 522
  New 'line' coverage: 524
  New 'line' coverage: 529
  New 'line' coverage: 530
  New 'line' coverage: 532
  New 'line' coverage: 533
  New 'line' coverage: 534
  New 'line' coverage: 537
  New 'line' coverage: 539
  New 'line' coverage: 540
  New 'line' coverage: 542
  New 'line' coverage: 543
  New 'line' coverage: 544
  New 'line' coverage: 545
  New 'line' coverage: 546
  New 'line' coverage: 547
  New 'line' coverage: 548
  New 'line' coverage: 549
  New 'line' coverage: 550
  New 'line' coverage: 558
  New 'line' coverage: 559
  New 'line' coverage: 56
  New 'line' coverage: 562
  New 'line' coverage: 564
  New 'line' coverage: 565
  New 'line' coverage: 566
  New 'line' coverage: 568
  New 'line' coverage: 569
  New 'line' coverage: 57
  New 'line' coverage: 572
  New 'line' coverage: 574
  New 'line' coverage: 58
  New 'line' coverage: 584
  New 'line' coverage: 585
  New 'line' coverage: 586
  New 'line' coverage: 59
  New 'line' coverage: 590
  New 'line' coverage: 591
  New 'line' coverage: 592
  New 'line' coverage: 593
  New 'line' coverage: 595
  New 'line' coverage: 598
  New 'line' coverage: 60
  New 'line' coverage: 61
  New 'line' coverage: 62
  New 'line' coverage: 625
  New 'line' coverage: 627
  New 'line' coverage: 628
  New 'line' coverage: 63
  New 'line' coverage: 631
  New 'line' coverage: 633
  New 'line' coverage: 634
  New 'line' coverage: 635
  New 'line' coverage: 637
  New 'line' coverage: 638
  New 'line' coverage: 64
  New 'line' coverage: 65
  New 'line' coverage: 657
  New 'line' coverage: 658
  New 'line' coverage: 66
  New 'line' coverage: 67
  New 'line' coverage: 69
  New 'line' coverage: 70
  New 'line' coverage: 71
  New 'line' coverage: 73
  New 'line' coverage: 74
  New 'line' coverage: 747
  New 'line' coverage: 759
  New 'line' coverage: 773
  New 'line' coverage: 95
  New 'line' coverage: 97
  New 'line' coverage: 98
  New 'line' coverage: 99
New src file: /root/fuzzing-openbgpd-portable/src/cov-bgpd/control.c
  New 'function' coverage: control_check()
  New 'function' coverage: control_init()
  New 'function' coverage: control_listen()
  New 'line' coverage: 101
  New 'line' coverage: 102
  New 'line' coverage: 105
  New 'line' coverage: 112
  New 'line' coverage: 114
  New 'line' coverage: 121
  New 'line' coverage: 122
  New 'line' coverage: 125
  New 'line' coverage: 127
  New 'line' coverage: 132
  New 'line' coverage: 133
  New 'line' coverage: 43
  New 'line' coverage: 45
  New 'line' coverage: 46
  New 'line' coverage: 48
  New 'line' coverage: 49
  New 'line' coverage: 50
  New 'line' coverage: 52
  New 'line' coverage: 57
  New 'line' coverage: 63
  New 'line' coverage: 65
  New 'line' coverage: 66
  New 'line' coverage: 69
  New 'line' coverage: 71
  New 'line' coverage: 72
  New 'line' coverage: 73
  New 'line' coverage: 75
  New 'line' coverage: 76
  New 'line' coverage: 81
  New 'line' coverage: 82
  New 'line' coverage: 83
  New 'line' coverage: 90
  New 'line' coverage: 97
New src file: /root/fuzzing-openbgpd-portable/src/cov-bgpd/kroute-freebsd.c
  New 'function' coverage: dispatch_rtmsg_addr()
  New 'function' coverage: fetchifs()
  New 'function' coverage: fetchtable()
  New 'function' coverage: flags2prio()
  New 'function' coverage: get_fib()
  New 'function' coverage: get_rtaddrs()
  New 'function' coverage: kif_clear()
  New 'function' coverage: kif_compare()
  New 'function' coverage: kif_depend_state()
  New 'function' coverage: kif_insert()
  New 'function' coverage: kif_remove()
  New 'function' coverage: kif_tree_RB_INSERT()
  New 'function' coverage: kif_tree_RB_INSERT_COLOR()
  New 'function' coverage: kif_tree_RB_MINMAX()
  New 'function' coverage: kif_tree_RB_REMOVE()
  New 'function' coverage: kif_tree_RB_REMOVE_COLOR()
  New 'function' coverage: kif_validate()
  New 'function' coverage: knexthop_clear()
  New 'function' coverage: knexthop_tree_RB_MINMAX()
  New 'function' coverage: kr6_tofull()
  New 'function' coverage: kr_default_prio()
  New 'function' coverage: kr_fib_decouple()
  New 'function' coverage: kr_init()
  New 'function' coverage: kr_net_clear()
  New 'function' coverage: kr_net_find()
  New 'function' coverage: kr_net_match()
  New 'function' coverage: kr_net_redist_del()
  New 'function' coverage: kr_net_reload()
  New 'function' coverage: kr_redistribute()
  New 'function' coverage: kr_shutdown()
  New 'function' coverage: kr_tofull()
  New 'function' coverage: kredist_tree_RB_FIND()
  New 'function' coverage: kroute4_remove()
  New 'function' coverage: kroute6_clear()
  New 'function' coverage: kroute6_compare()
  New 'function' coverage: kroute6_find()
  New 'function' coverage: kroute6_remove()
  New 'function' coverage: kroute6_tree_RB_FIND()
  New 'function' coverage: kroute6_tree_RB_INSERT()
  New 'function' coverage: kroute6_tree_RB_INSERT_COLOR()
  New 'function' coverage: kroute6_tree_RB_MINMAX()
  New 'function' coverage: kroute6_tree_RB_REMOVE()
  New 'function' coverage: kroute6_tree_RB_REMOVE_COLOR()
  New 'function' coverage: kroute_clear()
  New 'function' coverage: kroute_compare()
  New 'function' coverage: kroute_find()
  New 'function' coverage: kroute_insert()
  New 'function' coverage: kroute_remove()
  New 'function' coverage: kroute_tree_RB_FIND()
  New 'function' coverage: kroute_tree_RB_INSERT()
  New 'function' coverage: kroute_tree_RB_INSERT_COLOR()
  New 'function' coverage: kroute_tree_RB_MINMAX()
  New 'function' coverage: kroute_tree_RB_REMOVE()
  New 'function' coverage: kroute_tree_RB_REMOVE_COLOR()
  New 'function' coverage: ktable_destroy()
  New 'function' coverage: ktable_exists()
  New 'function' coverage: ktable_free()
  New 'function' coverage: ktable_get()
  New 'function' coverage: ktable_new()
  New 'function' coverage: ktable_preload()
  New 'function' coverage: ktable_update()
  New 'function' coverage: mask2prefixlen4()
  New 'function' coverage: mask2prefixlen6()
  New 'function' coverage: prio2flags()
  New 'line' coverage: 1004
  New 'line' coverage: 1007
  New 'line' coverage: 1010
  New 'line' coverage: 1012
  New 'line' coverage: 1053
  New 'line' coverage: 1054
  New 'line' coverage: 1057
  New 'line' coverage: 1059
  New 'line' coverage: 1061
  New 'line' coverage: 1072
  New 'line' coverage: 1073
  New 'line' coverage: 1076
  New 'line' coverage: 1078
  New 'line' coverage: 1079
  New 'line' coverage: 1081
  New 'line' coverage: 1084
  New 'line' coverage: 1085
  New 'line' coverage: 1086
  New 'line' coverage: 1087
  New 'line' coverage: 1088
  New 'line' coverage: 1089
  New 'line' coverage: 1095
  New 'line' coverage: 1097
  New 'line' coverage: 1100
  New 'line' coverage: 1102
  New 'line' coverage: 1104
  New 'line' coverage: 1105
  New 'line' coverage: 1106
  New 'line' coverage: 1107
  New 'line' coverage: 1108
  New 'line' coverage: 1109
  New 'line' coverage: 1110
  New 'line' coverage: 1113
  New 'line' coverage: 1115
  New 'line' coverage: 1116
  New 'line' coverage: 1117
  New 'line' coverage: 1119
  New 'line' coverage: 1120
  New 'line' coverage: 1121
  New 'line' coverage: 1122
  New 'line' coverage: 1123
  New 'line' coverage: 1124
  New 'line' coverage: 1127
  New 'line' coverage: 1128
  New 'line' coverage: 1129
  New 'line' coverage: 1132
  New 'line' coverage: 1135
  New 'line' coverage: 1141
  New 'line' coverage: 1142
  New 'line' coverage: 1143
  New 'line' coverage: 1144
  New 'line' coverage: 1147
  New 'line' coverage: 1149
  New 'line' coverage: 1157
  New 'line' coverage: 1158
  New 'line' coverage: 1159
  New 'line' coverage: 1160
  New 'line' coverage: 1161
  New 'line' coverage: 1162
  New 'line' coverage: 1164
  New 'line' coverage: 1179
  New 'line' coverage: 1180
  New 'line' coverage: 1182
  New 'line' coverage: 1184
  New 'line' coverage: 1185
  New 'line' coverage: 1188
  New 'line' coverage: 1190
  New 'line' coverage: 1191
  New 'line' coverage: 1192
  New 'line' coverage: 1194
  New 'line' coverage: 1203
  New 'line' coverage: 1283
  New 'line' coverage: 1287
  New 'line' coverage: 1289
  New 'line' coverage: 1290
  New 'line' coverage: 1291
  New 'line' coverage: 1292
  New 'line' coverage: 1293
  New 'line' coverage: 1294
  New 'line' coverage: 1295
  New 'line' coverage: 1296
  New 'line' coverage: 1297
  New 'line' coverage: 1298
  New 'line' coverage: 1300
  New 'line' coverage: 1304
  New 'line' coverage: 1308
  New 'line' coverage: 1310
  New 'line' coverage: 1311
  New 'line' coverage: 1312
  New 'line' coverage: 1313
  New 'line' coverage: 1314
  New 'line' coverage: 1315
  New 'line' coverage: 1316
  New 'line' coverage: 1317
  New 'line' coverage: 1318
  New 'line' coverage: 1319
  New 'line' coverage: 1320
  New 'line' coverage: 1321
  New 'line' coverage: 1323
  New 'line' coverage: 1331
  New 'line' coverage: 1333
  New 'line' coverage: 1334
  New 'line' coverage: 1335
  New 'line' coverage: 1336
  New 'line' coverage: 1337
  New 'line' coverage: 1339
  New 'line' coverage: 1343
  New 'line' coverage: 1345
  New 'line' coverage: 1347
  New 'line' coverage: 1349
  New 'line' coverage: 1350
  New 'line' coverage: 1353
  New 'line' coverage: 1355
  New 'line' coverage: 1357
  New 'line' coverage: 1358
  New 'line' coverage: 1359
  New 'line' coverage: 1360
  New 'line' coverage: 1361
  New 'line' coverage: 1362
  New 'line' coverage: 1363
  New 'line' coverage: 1364
  New 'line' coverage: 1365
  New 'line' coverage: 1366
  New 'line' coverage: 1368
  New 'line' coverage: 1370
  New 'line' coverage: 1374
  New 'line' coverage: 1376
  New 'line' coverage: 1378
  New 'line' coverage: 1380
  New 'line' coverage: 1381
  New 'line' coverage: 1454
  New 'line' coverage: 1456
  New 'line' coverage: 1465
  New 'line' coverage: 1468
  New 'line' coverage: 1469
  New 'line' coverage: 1471
  New 'line' coverage: 1472
  New 'line' coverage: 1473
  New 'line' coverage: 1475
  New 'line' coverage: 1476
  New 'line' coverage: 1486
  New 'line' coverage: 1487
  New 'line' coverage: 1515
  New 'line' coverage: 1517
  New 'line' coverage: 1518
  New 'line' coverage: 1519
  New 'line' coverage: 1520
  New 'line' coverage: 1521
  New 'line' coverage: 1523
  New 'line' coverage: 1524
  New 'line' coverage: 1536
  New 'line' coverage: 1539
  New 'line' coverage: 1543
  New 'line' coverage: 1544
  New 'line' coverage: 1545
  New 'line' coverage: 1546
  New 'line' coverage: 1547
  New 'line' coverage: 1549
  New 'line' coverage: 1554
  New 'line' coverage: 1555
  New 'line' coverage: 1556
  New 'line' coverage: 1558
  New 'line' coverage: 1567
  New 'line' coverage: 1572
  New 'line' coverage: 1575
  New 'line' coverage: 1579
  New 'line' coverage: 1580
  New 'line' coverage: 1581
  New 'line' coverage: 1582
  New 'line' coverage: 1583
  New 'line' coverage: 1587
  New 'line' coverage: 1589
  New 'line' coverage: 1594
  New 'line' coverage: 1595
  New 'line' coverage: 1596
  New 'line' coverage: 1598
  New 'line' coverage: 1607
  New 'line' coverage: 1612
  New 'line' coverage: 1615
  New 'line' coverage: 1616
  New 'line' coverage: 1620
  New 'line' coverage: 1622
  New 'line' coverage: 1624
  New 'line' coverage: 1625
  New 'line' coverage: 1626
  New 'line' coverage: 1628
  New 'line' coverage: 1629
  New 'line' coverage: 1633
  New 'line' coverage: 1635
  New 'line' coverage: 1636
  New 'line' coverage: 1637
  New 'line' coverage: 1639
  New 'line' coverage: 1640
  New 'line' coverage: 1643
  New 'line' coverage: 1652
  New 'line' coverage: 1653
  New 'line' coverage: 1661
  New 'line' coverage: 1663
  New 'line' coverage: 1664
  New 'line' coverage: 1673
  New 'line' coverage: 1675
  New 'line' coverage: 1688
  New 'line' coverage: 1695
  New 'line' coverage: 1697
  New 'line' coverage: 1698
  New 'line' coverage: 1699
  New 'line' coverage: 1700
  New 'line' coverage: 1703
  New 'line' coverage: 1705
  New 'line' coverage: 1706
  New 'line' coverage: 1707
  New 'line' coverage: 1709
  New 'line' coverage: 1710
  New 'line' coverage: 1713
  New 'line' coverage: 1722
  New 'line' coverage: 1723
  New 'line' coverage: 1731
  New 'line' coverage: 1733
  New 'line' coverage: 1734
  New 'line' coverage: 1742
  New 'line' coverage: 1744
  New 'line' coverage: 1757
  New 'line' coverage: 1764
  New 'line' coverage: 1766
  New 'line' coverage: 1767
  New 'line' coverage: 1768
  New 'line' coverage: 1769
  New 'line' coverage: 1773
  New 'line' coverage: 1775
  New 'line' coverage: 1777
  New 'line' coverage: 1779
  New 'line' coverage: 1780
  New 'line' coverage: 1782
  New 'line' coverage: 1783
  New 'line' coverage: 1789
  New 'line' coverage: 1792
  New 'line' coverage: 1796
  New 'line' coverage: 1797
  New 'line' coverage: 1799
  New 'line' coverage: 1800
  New 'line' coverage: 1803
  New 'line' coverage: 1805
  New 'line' coverage: 1807
  New 'line' coverage: 1808
  New 'line' coverage: 1809
  New 'line' coverage: 1812
  New 'line' coverage: 1815
  New 'line' coverage: 1816
  New 'line' coverage: 1818
  New 'line' coverage: 1819
  New 'line' coverage: 1820
  New 'line' coverage: 1821
  New 'line' coverage: 1823
  New 'line' coverage: 1824
  New 'line' coverage: 1834
  New 'line' coverage: 1835
  New 'line' coverage: 1864
  New 'line' coverage: 1866
  New 'line' coverage: 1868
  New 'line' coverage: 1869
  New 'line' coverage: 1870
  New 'line' coverage: 190
  New 'line' coverage: 1907
  New 'line' coverage: 1909
  New 'line' coverage: 1911
  New 'line' coverage: 1913
  New 'line' coverage: 1927
  New 'line' coverage: 1929
  New 'line' coverage: 193
  New 'line' coverage: 1935
  New 'line' coverage: 1936
  New 'line' coverage: 1939
  New 'line' coverage: 1941
  New 'line' coverage: 1943
  New 'line' coverage: 1951
  New 'line' coverage: 1954
  New 'line' coverage: 1955
  New 'line' coverage: 1956
  New 'line' coverage: 1957
  New 'line' coverage: 196
  New 'line' coverage: 1960
  New 'line' coverage: 1962
  New 'line' coverage: 1964
  New 'line' coverage: 1965
  New 'line' coverage: 1966
  New 'line' coverage: 1973
  New 'line' coverage: 1975
  New 'line' coverage: 1984
  New 'line' coverage: 1987
  New 'line' coverage: 1988
  New 'line' coverage: 199
  New 'line' coverage: 1996
  New 'line' coverage: 1998
  New 'line' coverage: 2001
  New 'line' coverage: 2002
  New 'line' coverage: 203
  New 'line' coverage: 215
  New 'line' coverage: 217
  New 'line' coverage: 218
  New 'line' coverage: 220
  New 'line' coverage: 221
  New 'line' coverage: 227
  New 'line' coverage: 228
  New 'line' coverage: 2308
  New 'line' coverage: 2310
  New 'line' coverage: 2312
  New 'line' coverage: 2313
  New 'line' coverage: 2314
  New 'line' coverage: 2316
  New 'line' coverage: 2317
  New 'line' coverage: 232
  New 'line' coverage: 2320
  New 'line' coverage: 2322
  New 'line' coverage: 2323
  New 'line' coverage: 2329
  New 'line' coverage: 233
  New 'line' coverage: 2330
  New 'line' coverage: 2331
  New 'line' coverage: 2333
  New 'line' coverage: 2335
  New 'line' coverage: 2336
  New 'line' coverage: 234
  New 'line' coverage: 2353
  New 'line' coverage: 2354
  New 'line' coverage: 2359
  New 'line' coverage: 2363
  New 'line' coverage: 2366
  New 'line' coverage: 2368
  New 'line' coverage: 2369
  New 'line' coverage: 237
  New 'line' coverage: 238
  New 'line' coverage: 239
  New 'line' coverage: 240
  New 'line' coverage: 241
  New 'line' coverage: 2437
  New 'line' coverage: 2439
  New 'line' coverage: 244
  New 'line' coverage: 2441
  New 'line' coverage: 2442
  New 'line' coverage: 2443
  New 'line' coverage: 2444
  New 'line' coverage: 2445
  New 'line' coverage: 2446
  New 'line' coverage: 2447
  New 'line' coverage: 2448
  New 'line' coverage: 2449
  New 'line' coverage: 245
  New 'line' coverage: 2452
  New 'line' coverage: 2454
  New 'line' coverage: 2455
  New 'line' coverage: 2457
  New 'line' coverage: 246
  New 'line' coverage: 2460
  New 'line' coverage: 2461
  New 'line' coverage: 2462
  New 'line' coverage: 2463
  New 'line' coverage: 2465
  New 'line' coverage: 2466
  New 'line' coverage: 248
  New 'line' coverage: 250
  New 'line' coverage: 253
  New 'line' coverage: 254
  New 'line' coverage: 2545
  New 'line' coverage: 2547
  New 'line' coverage: 255
  New 'line' coverage: 2554
  New 'line' coverage: 2556
  New 'line' coverage: 2559
  New 'line' coverage: 2561
  New 'line' coverage: 2562
  New 'line' coverage: 2565
  New 'line' coverage: 2566
  New 'line' coverage: 2569
  New 'line' coverage: 2570
  New 'line' coverage: 258
  New 'line' coverage: 260
  New 'line' coverage: 2676
  New 'line' coverage: 2678
  New 'line' coverage: 2679
  New 'line' coverage: 2680
  New 'line' coverage: 2681
  New 'line' coverage: 2682
  New 'line' coverage: 2684
  New 'line' coverage: 2685
  New 'line' coverage: 2686
  New 'line' coverage: 2687
  New 'line' coverage: 2688
  New 'line' coverage: 2689
  New 'line' coverage: 2690
  New 'line' coverage: 2692
  New 'line' coverage: 2699
  New 'line' coverage: 2700
  New 'line' coverage: 2704
  New 'line' coverage: 2709
  New 'line' coverage: 2711
  New 'line' coverage: 2712
  New 'line' coverage: 2713
  New 'line' coverage: 2714
  New 'line' coverage: 2717
  New 'line' coverage: 272
  New 'line' coverage: 2720
  New 'line' coverage: 2723
  New 'line' coverage: 2724
  New 'line' coverage: 2725
  New 'line' coverage: 2726
  New 'line' coverage: 2727
  New 'line' coverage: 2730
  New 'line' coverage: 2732
  New 'line' coverage: 2733
  New 'line' coverage: 2734
  New 'line' coverage: 2735
  New 'line' coverage: 2736
  New 'line' coverage: 2737
  New 'line' coverage: 2738
  New 'line' coverage: 274
  New 'line' coverage: 2740
  New 'line' coverage: 2741
  New 'line' coverage: 2742
  New 'line' coverage: 2743
  New 'line' coverage: 2744
  New 'line' coverage: 2745
  New 'line' coverage: 2747
  New 'line' coverage: 275
  New 'line' coverage: 2751
  New 'line' coverage: 2755
  New 'line' coverage: 276
  New 'line' coverage: 2761
  New 'line' coverage: 2762
  New 'line' coverage: 2763
  New 'line' coverage: 2764
  New 'line' coverage: 2766
  New 'line' coverage: 2767
  New 'line' coverage: 2769
  New 'line' coverage: 2770
  New 'line' coverage: 2772
  New 'line' coverage: 2778
  New 'line' coverage: 2779
  New 'line' coverage: 2780
  New 'line' coverage: 2781
  New 'line' coverage: 2782
  New 'line' coverage: 2783
  New 'line' coverage: 2784
  New 'line' coverage: 2786
  New 'line' coverage: 2787
  New 'line' coverage: 2788
  New 'line' coverage: 2789
  New 'line' coverage: 279
  New 'line' coverage: 2792
  New 'line' coverage: 2793
  New 'line' coverage: 2794
  New 'line' coverage: 2796
  New 'line' coverage: 2798
  New 'line' coverage: 2799
  New 'line' coverage: 280
  New 'line' coverage: 2800
  New 'line' coverage: 2801
  New 'line' coverage: 2802
  New 'line' coverage: 2803
  New 'line' coverage: 2804
  New 'line' coverage: 281
  New 'line' coverage: 282
  New 'line' coverage: 286
  New 'line' coverage: 287
  New 'line' coverage: 288
  New 'line' coverage: 2885
  New 'line' coverage: 2887
  New 'line' coverage: 2888
  New 'line' coverage: 2889
  New 'line' coverage: 289
  New 'line' coverage: 2891
  New 'line' coverage: 2892
  New 'line' coverage: 2895
  New 'line' coverage: 2898
  New 'line' coverage: 290
  New 'line' coverage: 2903
  New 'line' coverage: 2905
  New 'line' coverage: 2906
  New 'line' coverage: 2907
  New 'line' coverage: 2909
  New 'line' coverage: 2910
  New 'line' coverage: 2912
  New 'line' coverage: 2914
  New 'line' coverage: 2915
  New 'line' coverage: 2917
  New 'line' coverage: 2918
  New 'line' coverage: 2919
  New 'line' coverage: 292
  New 'line' coverage: 2920
  New 'line' coverage: 2921
  New 'line' coverage: 2925
  New 'line' coverage: 2927
  New 'line' coverage: 2928
  New 'line' coverage: 2929
  New 'line' coverage: 2930
  New 'line' coverage: 2931
  New 'line' coverage: 2934
  New 'line' coverage: 2939
  New 'line' coverage: 2945
  New 'line' coverage: 2946
  New 'line' coverage: 2947
  New 'line' coverage: 2953
  New 'line' coverage: 2954
  New 'line' coverage: 2956
  New 'line' coverage: 2957
  New 'line' coverage: 296
  New 'line' coverage: 2960
  New 'line' coverage: 2961
  New 'line' coverage: 297
  New 'line' coverage: 303
  New 'line' coverage: 304
  New 'line' coverage: 305
  New 'line' coverage: 306
  New 'line' coverage: 307
  New 'line' coverage: 308
  New 'line' coverage: 309
  New 'line' coverage: 310
  New 'line' coverage: 312
  New 'line' coverage: 315
  New 'line' coverage: 319
  New 'line' coverage: 320
  New 'line' coverage: 321
  New 'line' coverage: 322
  New 'line' coverage: 323
  New 'line' coverage: 326
  New 'line' coverage: 328
  New 'line' coverage: 330
  New 'line' coverage: 334
  New 'line' coverage: 337
  New 'line' coverage: 338
  New 'line' coverage: 347
  New 'line' coverage: 349
  New 'line' coverage: 350
  New 'line' coverage: 351
  New 'line' coverage: 354
  New 'line' coverage: 357
  New 'line' coverage: 359
  New 'line' coverage: 360
  New 'line' coverage: 362
  New 'line' coverage: 363
  New 'line' coverage: 364
  New 'line' coverage: 365
  New 'line' coverage: 366
  New 'line' coverage: 368
  New 'line' coverage: 369
  New 'line' coverage: 370
  New 'line' coverage: 373
  New 'line' coverage: 375
  New 'line' coverage: 376
  New 'line' coverage: 377
  New 'line' coverage: 378
  New 'line' coverage: 381
  New 'line' coverage: 383
  New 'line' coverage: 384
  New 'line' coverage: 386
  New 'line' coverage: 389
  New 'line' coverage: 390
  New 'line' coverage: 391
  New 'line' coverage: 392
  New 'line' coverage: 393
  New 'line' coverage: 394
  New 'line' coverage: 396
  New 'line' coverage: 405
  New 'line' coverage: 407
  New 'line' coverage: 409
  New 'line' coverage: 411
  New 'line' coverage: 412
  New 'line' coverage: 418
  New 'line' coverage: 421
  New 'line' coverage: 422
  New 'line' coverage: 424
  New 'line' coverage: 426
  New 'line' coverage: 427
  New 'line' coverage: 430
  New 'line' coverage: 432
  New 'line' coverage: 433
  New 'line' coverage: 435
  New 'line' coverage: 441
  New 'line' coverage: 443
  New 'line' coverage: 444
  New 'line' coverage: 445
  New 'line' coverage: 446
  New 'line' coverage: 598
  New 'line' coverage: 600
  New 'line' coverage: 602
  New 'line' coverage: 603
  New 'line' coverage: 604
  New 'line' coverage: 605
  New 'line' coverage: 606
  New 'line' coverage: 647
  New 'line' coverage: 649
  New 'line' coverage: 650
  New 'line' coverage: 651
  New 'line' coverage: 653
  New 'line' coverage: 656
  New 'line' coverage: 657
  New 'line' coverage: 674
  New 'line' coverage: 982
  New 'line' coverage: 984
  New 'line' coverage: 986
  New 'line' coverage: 987
  New 'line' coverage: 988
  New 'line' coverage: 989
  New 'line' coverage: 991
  New 'line' coverage: 992
  New 'line' coverage: 993
New src file: /root/fuzzing-openbgpd-portable/src/cov-bgpd/log.c
  New 'function' coverage: log_debug()
  New 'function' coverage: log_info()
  New 'function' coverage: log_init()
  New 'function' coverage: log_procinit()
  New 'function' coverage: log_setverbose()
  New 'function' coverage: vlog()
  New 'line' coverage: 138
  New 'line' coverage: 140
  New 'line' coverage: 142
  New 'line' coverage: 143
  New 'line' coverage: 144
  New 'line' coverage: 145
  New 'line' coverage: 148
  New 'line' coverage: 150
  New 'line' coverage: 152
  New 'line' coverage: 157
  New 'line' coverage: 34
  New 'line' coverage: 38
  New 'line' coverage: 39
  New 'line' coverage: 40
  New 'line' coverage: 42
  New 'line' coverage: 45
  New 'line' coverage: 46
  New 'line' coverage: 49
  New 'line' coverage: 51
  New 'line' coverage: 52
  New 'line' coverage: 53
  New 'line' coverage: 56
  New 'line' coverage: 58
  New 'line' coverage: 59
  New 'line' coverage: 78
  New 'line' coverage: 80
  New 'line' coverage: 81
  New 'line' coverage: 83
  New 'line' coverage: 85
  New 'line' coverage: 89
  New 'line' coverage: 90
  New 'line' coverage: 92
  New 'line' coverage: 93
  New 'line' coverage: 96
  New 'line' coverage: 97
New src file: /root/fuzzing-openbgpd-portable/src/cov-bgpd/mrt.c
  New 'function' coverage: mrt_init()
  New 'function' coverage: mrt_reconfigure()
  New 'function' coverage: mrt_timeout()
  New 'line' coverage: 1117
  New 'line' coverage: 1119
  New 'line' coverage: 1120
  New 'line' coverage: 1121
  New 'line' coverage: 1155
  New 'line' coverage: 1157
  New 'line' coverage: 1158
  New 'line' coverage: 1159
  New 'line' coverage: 1161
  New 'line' coverage: 1162
  New 'line' coverage: 1175
  New 'line' coverage: 1176
  New 'line' coverage: 1179
  New 'line' coverage: 1181
  New 'line' coverage: 1182
  New 'line' coverage: 1184
  New 'line' coverage: 1185
  New 'line' coverage: 1205
New src file: /root/fuzzing-openbgpd-portable/src/cov-bgpd/name2id.c
  New 'function' coverage: _id2name()
  New 'function' coverage: _name2id()
  New 'function' coverage: _unref()
  New 'function' coverage: rtlabel_id2name()
  New 'function' coverage: rtlabel_name2id()
  New 'function' coverage: rtlabel_unref()
  New 'line' coverage: 102
  New 'line' coverage: 104
  New 'line' coverage: 105
  New 'line' coverage: 107
  New 'line' coverage: 108
  New 'line' coverage: 146
  New 'line' coverage: 149
  New 'line' coverage: 151
  New 'line' coverage: 153
  New 'line' coverage: 154
  New 'line' coverage: 161
  New 'line' coverage: 164
  New 'line' coverage: 166
  New 'line' coverage: 168
  New 'line' coverage: 169
  New 'line' coverage: 181
  New 'line' coverage: 50
  New 'line' coverage: 52
  New 'line' coverage: 56
  New 'line' coverage: 58
  New 'line' coverage: 62
  New 'line' coverage: 64
  New 'line' coverage: 65
New src file: /root/fuzzing-openbgpd-portable/src/cov-bgpd/parse.c
  New 'function' coverage: yygrowstack()
  New 'function' coverage: yyparse()
  New 'line' coverage: 1088
  New 'line' coverage: 1090
  New 'line' coverage: 1092
  New 'line' coverage: 1094
  New 'line' coverage: 1095
  New 'line' coverage: 1096
  New 'line' coverage: 1097
  New 'line' coverage: 1106
  New 'line' coverage: 1527
  New 'line' coverage: 1529
  New 'line' coverage: 1535
  New 'line' coverage: 1537
  New 'line' coverage: 1538
  New 'line' coverage: 1548
  New 'line' coverage: 1549
  New 'line' coverage: 1554
  New 'line' coverage: 1556
  New 'line' coverage: 1558
  New 'line' coverage: 1563
  New 'line' coverage: 3113
  New 'line' coverage: 330
  New 'line' coverage: 369
  New 'line' coverage: 374
  New 'line' coverage: 4230
  New 'line' coverage: 4232
  New 'line' coverage: 4233
  New 'line' coverage: 4234
  New 'line' coverage: 4235
  New 'line' coverage: 4237
  New 'line' coverage: 4238
  New 'line' coverage: 4244
  New 'line' coverage: 4245
  New 'line' coverage: 4246
  New 'line' coverage: 4249
  New 'line' coverage: 4250
  New 'line' coverage: 4252
  New 'line' coverage: 4253
  New 'line' coverage: 4256
  New 'line' coverage: 4257
  New 'line' coverage: 4259
  New 'line' coverage: 4260
  New 'line' coverage: 4261
  New 'line' coverage: 4262
  New 'line' coverage: 4281
  New 'line' coverage: 4283
  New 'line' coverage: 4297
  New 'line' coverage: 4298
  New 'line' coverage: 4299
  New 'line' coverage: 4300
  New 'line' coverage: 4306
  New 'line' coverage: 4307
  New 'line' coverage: 4308
  New 'line' coverage: 4309
  New 'line' coverage: 4310
  New 'line' coverage: 4313
  New 'line' coverage: 4314
  New 'line' coverage: 4316
  New 'line' coverage: 4317
  New 'line' coverage: 4326
  New 'line' coverage: 4327
  New 'line' coverage: 4328
  New 'line' coverage: 4335
  New 'line' coverage: 4336
  New 'line' coverage: 4337
  New 'line' coverage: 4338
  New 'line' coverage: 4339
  New 'line' coverage: 4340
  New 'line' coverage: 4341
  New 'line' coverage: 4343
  New 'line' coverage: 4344
  New 'line' coverage: 4346
  New 'line' coverage: 4347
  New 'line' coverage: 4411
  New 'line' coverage: 4412
  New 'line' coverage: 4413
  New 'line' coverage: 4415
  New 'line' coverage: 4417
  New 'line' coverage: 745
  New 'line' coverage: 746
  New 'line' coverage: 749
  New 'line' coverage: 756
  New 'line' coverage: 760
  New 'line' coverage: 8630
  New 'line' coverage: 8631
  New 'line' coverage: 8632
  New 'line' coverage: 8633
  New 'line' coverage: 8634
  New 'line' coverage: 8641
  New 'line' coverage: 8642
  New 'line' coverage: 8643
  New 'line' coverage: 8644
  New 'line' coverage: 8646
  New 'line' coverage: 8647
  New 'line' coverage: 8656
  New 'line' coverage: 8657
  New 'line' coverage: 8658
  New 'line' coverage: 8660
  New 'line' coverage: 8661
  New 'line' coverage: 8662
  New 'line' coverage: 8664
  New 'line' coverage: 8670
  New 'line' coverage: 8671
  New 'line' coverage: 8672
  New 'line' coverage: 8673
  New 'line' coverage: 8684
  New 'line' coverage: 8685
New src file: /root/fuzzing-openbgpd-portable/src/cov-bgpd/parse.y
  New 'function' coverage: add_rib()
  New 'function' coverage: check_file_secrecy()
  New 'function' coverage: find_rib()
  New 'function' coverage: igetc()
  New 'function' coverage: init_config()
  New 'function' coverage: kw_cmp()
  New 'function' coverage: lgetc()
  New 'function' coverage: lookup()
  New 'function' coverage: lungetc()
  New 'function' coverage: optimize_filters()
  New 'function' coverage: parse_config()
  New 'function' coverage: popfile()
  New 'function' coverage: pushfile()
  New 'function' coverage: rib_add_fib()
  New 'function' coverage: yylex()
  New 'line' coverage: 3552
  New 'line' coverage: 3554
  New 'line' coverage: 3558
  New 'line' coverage: 3707
  New 'line' coverage: 3709
  New 'line' coverage: 3711
  New 'line' coverage: 3712
  New 'line' coverage: 3714
  New 'line' coverage: 3715
  New 'line' coverage: 3723
  New 'line' coverage: 3725
  New 'line' coverage: 3727
  New 'line' coverage: 3728
  New 'line' coverage: 3729
  New 'line' coverage: 3731
  New 'line' coverage: 3733
  New 'line' coverage: 3735
  New 'line' coverage: 3738
  New 'line' coverage: 3740
  New 'line' coverage: 3741
  New 'line' coverage: 3744
  New 'line' coverage: 3746
  New 'line' coverage: 3748
  New 'line' coverage: 3759
  New 'line' coverage: 3769
  New 'line' coverage: 3775
  New 'line' coverage: 3776
  New 'line' coverage: 3777
  New 'line' coverage: 3779
  New 'line' coverage: 3780
  New 'line' coverage: 3781
  New 'line' coverage: 3785
  New 'line' coverage: 3786
  New 'line' coverage: 3789
  New 'line' coverage: 3791
  New 'line' coverage: 3794
  New 'line' coverage: 3801
  New 'line' coverage: 3802
  New 'line' coverage: 3861
  New 'line' coverage: 3863
  New 'line' coverage: 3864
  New 'line' coverage: 3865
  New 'line' coverage: 3866
  New 'line' coverage: 3869
  New 'line' coverage: 3870
  New 'line' coverage: 3873
  New 'line' coverage: 3874
  New 'line' coverage: 3875
  New 'line' coverage: 3877
  New 'line' coverage: 3884
  New 'line' coverage: 3947
  New 'line' coverage: 3948
  New 'line' coverage: 3949
  New 'line' coverage: 3950
  New 'line' coverage: 3954
  New 'line' coverage: 3955
  New 'line' coverage: 3956
  New 'line' coverage: 3958
  New 'line' coverage: 3959
  New 'line' coverage: 3961
  New 'line' coverage: 3962
  New 'line' coverage: 3964
  New 'line' coverage: 3969
  New 'line' coverage: 3970
  New 'line' coverage: 3972
  New 'line' coverage: 3973
  New 'line' coverage: 3974
  New 'line' coverage: 3975
  New 'line' coverage: 3978
  New 'line' coverage: 3986
  New 'line' coverage: 3987
  New 'line' coverage: 3988
  New 'line' coverage: 3993
  New 'line' coverage: 3995
  New 'line' coverage: 3999
  New 'line' coverage: 4000
  New 'line' coverage: 4001
  New 'line' coverage: 4002
  New 'line' coverage: 4003
  New 'line' coverage: 4005
  New 'line' coverage: 4007
  New 'line' coverage: 4008
  New 'line' coverage: 4009
  New 'line' coverage: 4010
  New 'line' coverage: 4011
  New 'line' coverage: 4012
  New 'line' coverage: 4013
  New 'line' coverage: 4014
  New 'line' coverage: 4017
  New 'line' coverage: 4019
  New 'line' coverage: 4021
  New 'line' coverage: 4025
  New 'line' coverage: 4026
  New 'line' coverage: 4029
  New 'line' coverage: 4031
  New 'line' coverage: 4033
  New 'line' coverage: 4037
  New 'line' coverage: 4042
  New 'line' coverage: 4048
  New 'line' coverage: 4049
  New 'line' coverage: 4055
  New 'line' coverage: 4056
  New 'line' coverage: 4057
  New 'line' coverage: 4058
  New 'line' coverage: 4065
  New 'line' coverage: 4066
  New 'line' coverage: 4067
  New 'line' coverage: 4070
  New 'line' coverage: 4072
  New 'line' coverage: 4074
  New 'line' coverage: 4077
  New 'line' coverage: 4078
  New 'line' coverage: 4079
  New 'line' coverage: 4080
  New 'line' coverage: 4081
  New 'line' coverage: 4082
  New 'line' coverage: 4083
  New 'line' coverage: 4084
  New 'line' coverage: 4087
  New 'line' coverage: 4089
  New 'line' coverage: 4091
  New 'line' coverage: 4092
  New 'line' coverage: 4093
  New 'line' coverage: 4094
  New 'line' coverage: 4095
  New 'line' coverage: 4096
  New 'line' coverage: 4097
  New 'line' coverage: 4098
  New 'line' coverage: 4101
  New 'line' coverage: 4105
  New 'line' coverage: 4107
  New 'line' coverage: 4110
  New 'line' coverage: 4113
  New 'line' coverage: 4114
  New 'line' coverage: 4115
  New 'line' coverage: 4116
  New 'line' coverage: 4118
  New 'line' coverage: 4119
  New 'line' coverage: 4121
  New 'line' coverage: 4123
  New 'line' coverage: 4125
  New 'line' coverage: 4127
  New 'line' coverage: 4128
  New 'line' coverage: 4129
  New 'line' coverage: 4131
  New 'line' coverage: 4132
  New 'line' coverage: 4134
  New 'line' coverage: 4135
  New 'line' coverage: 4136
  New 'line' coverage: 4137
  New 'line' coverage: 4139
  New 'line' coverage: 4141
  New 'line' coverage: 4142
  New 'line' coverage: 4144
  New 'line' coverage: 4145
  New 'line' coverage: 4147
  New 'line' coverage: 4149
  New 'line' coverage: 4151
  New 'line' coverage: 4152
  New 'line' coverage: 4153
  New 'line' coverage: 4156
  New 'line' coverage: 4157
  New 'line' coverage: 4165
  New 'line' coverage: 4177
  New 'line' coverage: 4183
  New 'line' coverage: 4184
  New 'line' coverage: 4185
  New 'line' coverage: 4186
  New 'line' coverage: 4187
  New 'line' coverage: 4188
  New 'line' coverage: 4190
  New 'line' coverage: 4206
  New 'line' coverage: 4207
  New 'line' coverage: 4209
  New 'line' coverage: 4211
  New 'line' coverage: 4212
  New 'line' coverage: 4213
  New 'line' coverage: 4214
  New 'line' coverage: 4215
  New 'line' coverage: 4216
  New 'line' coverage: 4218
  New 'line' coverage: 4219
  New 'line' coverage: 4221
  New 'line' coverage: 4223
  New 'line' coverage: 4224
  New 'line' coverage: 4225
  New 'line' coverage: 4226
  New 'line' coverage: 4227
  New 'line' coverage: 4228
  New 'line' coverage: 4229
  New 'line' coverage: 4230
  New 'line' coverage: 4233
  New 'line' coverage: 4241
  New 'line' coverage: 4242
  New 'line' coverage: 4243
  New 'line' coverage: 4245
  New 'line' coverage: 4247
  New 'line' coverage: 4248
  New 'line' coverage: 4249
  New 'line' coverage: 4251
  New 'line' coverage: 4252
  New 'line' coverage: 4804
  New 'line' coverage: 4806
  New 'line' coverage: 4808
  New 'line' coverage: 4809
  New 'line' coverage: 4813
  New 'line' coverage: 4820
  New 'line' coverage: 4821
  New 'line' coverage: 4822
  New 'line' coverage: 4823
  New 'line' coverage: 4824
  New 'line' coverage: 4827
  New 'line' coverage: 4829
  New 'line' coverage: 4831
  New 'line' coverage: 4832
  New 'line' coverage: 4834
  New 'line' coverage: 4835
  New 'line' coverage: 4836
  New 'line' coverage: 4839
  New 'line' coverage: 4841
  New 'line' coverage: 4843
  New 'line' coverage: 4851
  New 'line' coverage: 4856
  New 'line' coverage: 4857
  New 'line' coverage: 4858
  New 'line' coverage: 4859
  New 'line' coverage: 5319
  New 'line' coverage: 5321
  New 'line' coverage: 5323
  New 'line' coverage: 5337
New src file: /root/fuzzing-openbgpd-portable/src/cov-bgpd/pfkey-freebsd.c
  New 'function' coverage: pfkey_init()
  New 'line' coverage: 825
  New 'line' coverage: 827
  New 'line' coverage: 828
  New 'line' coverage: 835
  New 'line' coverage: 836
New src file: /root/fuzzing-openbgpd-portable/src/cov-bgpd/pftable.c
  New 'function' coverage: pftable_clear_all()
  New 'line' coverage: 154
  New 'line' coverage: 156
  New 'line' coverage: 158
  New 'line' coverage: 167
  New 'line' coverage: 168
New src file: /root/fuzzing-openbgpd-portable/src/cov-bgpd/rde_filter.c
  New 'function' coverage: filterlist_free()
  New 'function' coverage: filterset_free()
  New 'function' coverage: filterset_move()
  New 'line' coverage: 488
  New 'line' coverage: 490
  New 'line' coverage: 492
  New 'line' coverage: 495
  New 'line' coverage: 500
  New 'line' coverage: 501
  New 'line' coverage: 505
  New 'line' coverage: 507
  New 'line' coverage: 509
  New 'line' coverage: 512
  New 'line' coverage: 522
  New 'line' coverage: 562
  New 'line' coverage: 564
  New 'line' coverage: 565
  New 'line' coverage: 566
  New 'line' coverage: 568
New src file: /root/fuzzing-openbgpd-portable/src/cov-bgpd/rde_sets.c
  New 'function' coverage: as_sets_free()
  New 'line' coverage: 75
  New 'line' coverage: 77
  New 'line' coverage: 79
  New 'line' coverage: 81
  New 'line' coverage: 87
New src file: /root/fuzzing-openbgpd-portable/src/cov-bgpd/session.c
  New 'function' coverage: peer_head_RB_MINMAX()
  New 'line' coverage: 94
New src file: /root/fuzzing-openbgpd-portable/src/cov-bgpd/util.c
  New 'function' coverage: sa2addr()
  New 'line' coverage: 1240
  New 'line' coverage: 1242
  New 'line' coverage: 1243
  New 'line' coverage: 1245
  New 'line' coverage: 1246
  New 'line' coverage: 1248
  New 'line' coverage: 1249
  New 'line' coverage: 1250
  New 'line' coverage: 1252
  New 'line' coverage: 1254
  New 'line' coverage: 1260
  New 'line' coverage: 1261
  New 'line' coverage: 1262
  New 'line' coverage: 1263
  New 'line' coverage: 1264
  New 'line' coverage: 1265
  New 'line' coverage: 1267
  New 'line' coverage: 1268
  New 'line' coverage: 1269
  New 'line' coverage: 1270
  New 'line' coverage: 1272
  New 'line' coverage: 1273
  New 'line' coverage: 1274
  New 'line' coverage: 1276
  New 'line' coverage: 1278



++++++ BEGIN - first exec output for CMD: ./bgpd -d -f bgpd.conf < /root/fuzzing-openbgpd-portable/src/fuzz-bgpd/out/default/queue/id:000000,time:0,execs:0,orig:id:000013,src:000012,time:3036346,execs:859458,op:havoc,rep:4,+cov
    startup
    route decision engine ready
    peer closed imsg connection
    fatal in RDE: Lost connection to parent
    profiling: /root/fuzzing-openbgpd-portable/src/cov-bgpd/bgpd-bgpd.gcda: cannot open: No such file or directory
    profiling: /root/fuzzing-openbgpd-portable/src/cov-bgpd/bgpd-session.gcda: cannot open: No such file or directory
    profiling: /root/fuzzing-openbgpd-portable/src/cov-bgpd/bgpd-session_bgp.gcda: cannot open: No such file or directory
    profiling: /root/fuzzing-openbgpd-portable/src/cov-bgpd/bgpd-log.gcda: cannot open: No such file or directory
    profiling: /root/fuzzing-openbgpd-portable/src/cov-bgpd/bgpd-logmsg.gcda: cannot open: No such file or directory
    profiling: /root/fuzzing-openbgpd-portable/src/cov-bgpd/bgpd-parse.gcda: cannot open: No such file or directory
    profiling: /root/fuzzing-openbgpd-portable/src/cov-bgpd/bgpd-config.gcda: cannot open: No such file or directory
    profiling: /root/fuzzing-openbgpd-portable/src/cov-bgpd/bgpd-rde.gcda: cannot open: No such file or directory
    profiling: /root/fuzzing-openbgpd-portable/src/cov-bgpd/bgpd-rde_rib.gcda: cannot open: No such file or directory
    profiling: /root/fuzzing-openbgpd-portable/src/cov-bgpd/bgpd-rde_decide.gcda: cannot open: No such file or directory
    profiling: /root/fuzzing-openbgpd-portable/src/cov-bgpd/bgpd-rde_prefix.gcda: cannot open: No such file or directory
    profiling: /root/fuzzing-openbgpd-portable/src/cov-bgpd/bgpd-monotime.gcda: cannot open: No such file or directory
    profiling: /root/fuzzing-openbgpd-portable/src/cov-bgpd/bgpd-mrt.gcda: cannot open: No such file or directory
    profiling: /root/fuzzing-openbgpd-portable/src/cov-bgpd/bgpd-kroute-freebsd.gcda: cannot open: No such file or directory
    profiling: /root/fuzzing-openbgpd-portable/src/cov-bgpd/bgpd-control.gcda: cannot open: No such file or directory
    profiling: /root/fuzzing-openbgpd-portable/src/cov-bgpd/bgpd-pfkey-freebsd.gcda: cannot open: No such file or directory
    profiling: /root/fuzzing-openbgpd-portable/src/cov-bgpd/bgpd-rde_update.gcda: cannot open: No such file or directory
    profiling: /root/fuzzing-openbgpd-portable/src/cov-bgpd/bgpd-rde_attr.gcda: cannot open: No such file or directory
    profiling: /root/fuzzing-openbgpd-portable/src/cov-bgpd/bgpd-rde_community.gcda: cannot open: No such file or directory
    profiling: /root/fuzzing-openbgpd-portable/src/cov-bgpd/bgpd-printconf.gcda: cannot open: No such file or directory
    profiling: /root/fuzzing-openbgpd-portable/src/cov-bgpd/bgpd-rde_filter.gcda: cannot open: No such file or directory
    profiling: /root/fuzzing-openbgpd-portable/src/cov-bgpd/bgpd-rde_sets.gcda: cannot open: No such file or directory
    profiling: /root/fuzzing-openbgpd-portable/src/cov-bgpd/bgpd-rde_trie.gcda: cannot open: No such file or directory
    profiling: /root/fuzzing-openbgpd-portable/src/cov-bgpd/bgpd-rde_aspa.gcda: cannot open: No such file or directory
    profiling: /root/fuzzing-openbgpd-portable/src/cov-bgpd/bgpd-pftable.gcda: cannot open: No such file or directory
    profiling: /root/fuzzing-openbgpd-portable/src/cov-bgpd/bgpd-name2id.gcda: cannot open: No such file or directory
    profiling: /root/fuzzing-openbgpd-portable/src/cov-bgpd/bgpd-util.gcda: cannot open: No such file or directory
    profiling: /root/fuzzing-openbgpd-portable/src/cov-bgpd/bgpd-carp-disabled.gcda: cannot open: No such file or directory
    profiling: /root/fuzzing-openbgpd-portable/src/cov-bgpd/bgpd-timer.gcda: cannot open: No such file or directory
    profiling: /root/fuzzing-openbgpd-portable/src/cov-bgpd/bgpd-rde_peer.gcda: cannot open: No such file or directory
    profiling: /root/fuzzing-openbgpd-portable/src/cov-bgpd/bgpd-rtr.gcda: cannot open: No such file or directory
    profiling: /root/fuzzing-openbgpd-portable/src/cov-bgpd/bgpd-rtr_proto.gcda: cannot open: No such file or directory
    profiling: /root/fuzzing-openbgpd-portable/src/cov-bgpd/bgpd-flowspec.gcda: cannot open: No such file or directory
    rtr engine ready
    peer closed imsg connection
    fatal in RTR: Lost connection to parent
    profiling: /root/fuzzing-openbgpd-portable/src/cov-bgpd/bgpd-bgpd.gcda: cannot open: No such file or directory
    profiling: /root/fuzzing-openbgpd-portable/src/cov-bgpd/bgpd-session.gcda: cannot open: No such file or directory
    profiling: /root/fuzzing-openbgpd-portable/src/cov-bgpd/bgpd-session_bgp.gcda: cannot open: No such file or directory
    profiling: /root/fuzzing-openbgpd-portable/src/cov-bgpd/bgpd-log.gcda: cannot open: No such file or directory
    profiling: /root/fuzzing-openbgpd-portable/src/cov-bgpd/bgpd-logmsg.gcda: cannot open: No such file or directory
    profiling: /root/fuzzing-openbgpd-portable/src/cov-bgpd/bgpd-parse.gcda: cannot open: No such file or directory
    profiling: /root/fuzzing-openbgpd-portable/src/cov-bgpd/bgpd-config.gcda: cannot open: No such file or directory
    profiling: /root/fuzzing-openbgpd-portable/src/cov-bgpd/bgpd-rde.gcda: cannot open: No such file or directory
    profiling: /root/fuzzing-openbgpd-portable/src/cov-bgpd/bgpd-rde_rib.gcda: cannot open: No such file or directory
    profiling: /root/fuzzing-openbgpd-portable/src/cov-bgpd/bgpd-rde_decide.gcda: cannot open: No such file or directory
    profiling: /root/fuzzing-openbgpd-portable/src/cov-bgpd/bgpd-rde_prefix.gcda: cannot open: No such file or directory
    profiling: /root/fuzzing-openbgpd-portable/src/cov-bgpd/bgpd-monotime.gcda: cannot open: No such file or directory
    profiling: /root/fuzzing-openbgpd-portable/src/cov-bgpd/bgpd-mrt.gcda: cannot open: No such file or directory
    profiling: /root/fuzzing-openbgpd-portable/src/cov-bgpd/bgpd-kroute-freebsd.gcda: cannot open: No such file or directory
    profiling: /root/fuzzing-openbgpd-portable/src/cov-bgpd/bgpd-control.gcda: cannot open: No such file or directory
    profiling: /root/fuzzing-openbgpd-portable/src/cov-bgpd/bgpd-pfkey-freebsd.gcda: cannot open: No such file or directory
    profiling: /root/fuzzing-openbgpd-portable/src/cov-bgpd/bgpd-rde_update.gcda: cannot open: No such file or directory
    profiling: /root/fuzzing-openbgpd-portable/src/cov-bgpd/bgpd-rde_attr.gcda: cannot open: No such file or directory
    profiling: /root/fuzzing-openbgpd-portable/src/cov-bgpd/bgpd-rde_community.gcda: cannot open: No such file or directory
    profiling: /root/fuzzing-openbgpd-portable/src/cov-bgpd/bgpd-printconf.gcda: cannot open: No such file or directory
    profiling: /root/fuzzing-openbgpd-portable/src/cov-bgpd/bgpd-rde_filter.gcda: cannot open: No such file or directory
    profiling: /root/fuzzing-openbgpd-portable/src/cov-bgpd/bgpd-rde_sets.gcda: cannot open: No such file or directory
    profiling: /root/fuzzing-openbgpd-portable/src/cov-bgpd/bgpd-rde_trie.gcda: cannot open: No such file or directory
    profiling: /root/fuzzing-openbgpd-portable/src/cov-bgpd/bgpd-rde_aspa.gcda: cannot open: No such file or directory
    profiling: /root/fuzzing-openbgpd-portable/src/cov-bgpd/bgpd-pftable.gcda: cannot open: No such file or directory
    profiling: /root/fuzzing-openbgpd-portable/src/cov-bgpd/bgpd-name2id.gcda: cannot open: No such file or directory
    profiling: /root/fuzzing-openbgpd-portable/src/cov-bgpd/bgpd-util.gcda: cannot open: No such file or directory
    profiling: /root/fuzzing-openbgpd-portable/src/cov-bgpd/bgpd-carp-disabled.gcda: cannot open: No such file or directory
    profiling: /root/fuzzing-openbgpd-portable/src/cov-bgpd/bgpd-timer.gcda: cannot open: No such file or directory
    profiling: /root/fuzzing-openbgpd-portable/src/cov-bgpd/bgpd-rde_peer.gcda: cannot open: No such file or directory
    profiling: /root/fuzzing-openbgpd-portable/src/cov-bgpd/bgpd-rtr.gcda: cannot open: No such file or directory
    profiling: /root/fuzzing-openbgpd-portable/src/cov-bgpd/bgpd-rtr_proto.gcda: cannot open: No such file or directory
    profiling: /root/fuzzing-openbgpd-portable/src/cov-bgpd/bgpd-flowspec.gcda: cannot open: No such file or directory
    terminating
++++++ END

[+] AFL test case: id:000001,time:0,execs:0,orig:id:000012,src:000000+000009,time:2980066,execs:841515,op:splice,rep:31,+cov (1 / 17), cycle: 0
    lines......: 6.8% (1587 of 23448 lines)
    functions..: 12.6% (137 of 1085 functions)
[+] AFL test case: id:000002,time:0,execs:0,orig:id:000011,src:000010,time:2113495,execs:590554,op:havoc,rep:14 (2 / 17), cycle: 0
    lines......: 6.8% (1587 of 23448 lines)
    functions..: 12.6% (137 of 1085 functions)
[+] AFL test case: id:000003,time:0,execs:0,orig:id:000010,src:000005+000009,time:1700710,execs:472493,op:splice,rep:1 (3 / 17), cycle: 0
    lines......: 6.8% (1587 of 23448 lines)
    functions..: 12.6% (137 of 1085 functions)
[+] AFL test case: id:000004,time:0,execs:0,orig:id:000009,src:000007+000003,time:429117,execs:112822,op:splice,rep:3,+cov (4 / 17), cycle: 0
    lines......: 6.8% (1587 of 23448 lines)
    functions..: 12.6% (137 of 1085 functions)
[+] AFL test case: id:000005,time:0,execs:0,orig:id:000008,src:000006,time:301413,execs:79096,op:havoc,rep:30 (5 / 17), cycle: 0
    lines......: 6.8% (1587 of 23448 lines)
    functions..: 12.6% (137 of 1085 functions)
[+] AFL test case: id:000006,time:0,execs:0,orig:id:000007,src:000004+000002,time:232889,execs:61115,op:splice,rep:2 (6 / 17), cycle: 0
    lines......: 6.8% (1587 of 23448 lines)
    functions..: 12.6% (137 of 1085 functions)
[+] AFL test case: id:000007,time:0,execs:0,orig:id:000006,src:000005,time:201249,execs:52819,op:havoc,rep:2 (7 / 17), cycle: 0
    lines......: 6.8% (1587 of 23448 lines)
    functions..: 12.6% (137 of 1085 functions)
[+] AFL test case: id:000008,time:0,execs:0,orig:id:000005,src:000003+000004,time:80210,execs:21031,op:splice,rep:1 (8 / 17), cycle: 0
    lines......: 6.8% (1587 of 23448 lines)
    functions..: 12.6% (137 of 1085 functions)
[+] AFL test case: id:000009,time:0,execs:0,orig:id:000004,src:000003,time:7451,execs:1825,op:havoc,rep:2,+cov (9 / 17), cycle: 0
    lines......: 6.8% (1587 of 23448 lines)
    functions..: 12.6% (137 of 1085 functions)
[+] AFL test case: id:000010,time:0,execs:0,orig:id:000003,src:000000+000002,time:1698,execs:344,op:splice,rep:3,+cov (10 / 17), cycle: 0
    lines......: 6.8% (1587 of 23448 lines)
    functions..: 12.6% (137 of 1085 functions)
[+] AFL test case: id:000011,time:0,execs:0,orig:child-imsg-hello.bin (11 / 17), cycle: 0
    lines......: 6.8% (1587 of 23448 lines)
    functions..: 12.6% (137 of 1085 functions)
[+] AFL test case: id:000012,time:0,execs:0,orig:IMSG_RECONF_DRAIN.bin (12 / 17), cycle: 0
    lines......: 6.8% (1587 of 23448 lines)
    functions..: 12.6% (137 of 1085 functions)
[+] AFL test case: id:000013,time:0,execs:0,orig:IMSG_RECONF_DONE.bin (13 / 17), cycle: 0
    lines......: 6.8% (1587 of 23448 lines)
    functions..: 12.6% (137 of 1085 functions)
[+] AFL test case: id:000014,time:0,execs:0,orig:id:000014,src:000012+000002,time:3442895,execs:995344,op:splice,rep:4 (14 / 17), cycle: 0
    lines......: 6.8% (1587 of 23448 lines)
    functions..: 12.6% (137 of 1085 functions)
[+] AFL test case: id:000015,src:000012,time:3975306,execs:1233672,op:havoc,rep:3,+cov (15 / 17), cycle: 0
    lines......: 6.8% (1587 of 23448 lines)
    functions..: 12.6% (137 of 1085 functions)
[+] AFL test case: id:000016,src:000012,time:4364699,execs:1380688,op:havoc,rep:2,+cov (16 / 17), cycle: 0
    lines......: 6.8% (1587 of 23448 lines)
    functions..: 12.6% (137 of 1085 functions)
[+] Processed 17 / 17 test cases.

[+] Final zero coverage report: /root/fuzzing-openbgpd-portable/src/fuzz-bgpd/out/cov/zero-cov
[+] Final positive coverage report: /root/fuzzing-openbgpd-portable/src/fuzz-bgpd/out/cov/pos-cov
    lines......: 6.8% (1587 of 23448 lines)
    functions..: 12.6% (137 of 1085 functions)
[+] Final lcov web report: /root/fuzzing-openbgpd-portable/src/fuzz-bgpd/out/cov/web/index.html
